Array
(
    [info] => Array
        (
            [0] => Dir "./config" Created
            [1] => File "./config/index.php" Created
            [2] => File "./config/installed" Created
            [3] => Dir "./includes" Created
            [4] => File "./includes/core.php" Created
            [5] => File "./includes/index.php" Created
            [6] => File "./index.php" Created
            [7] => File "./install" Created
            [8] => Dir "./modules" Created
            [9] => Dir "./modules/agenda" Created
            [10] => File "./modules/agenda/ical.php" Created
            [11] => File "./modules/agenda/index.php" Created
            [12] => Dir "./modules/agenda/lang" Created
            [13] => File "./modules/agenda/lang/index.php" Created
            [14] => File "./modules/agenda/module.php" Created
            [15] => Dir "./modules/downloads" Created
            [16] => File "./modules/downloads/index.php" Created
            [17] => Dir "./modules/downloads/lang" Created
            [18] => File "./modules/downloads/lang/index.php" Created
            [19] => File "./modules/downloads/module.php" Created
            [20] => Dir "./modules/forum" Created
            [21] => File "./modules/forum/index.php" Created
            [22] => Dir "./modules/forum/lang" Created
            [23] => File "./modules/forum/lang/index.php" Created
            [24] => File "./modules/forum/module.php" Created
            [25] => Dir "./modules/guestbook" Created
            [26] => File "./modules/guestbook/admin.php" Created
            [27] => File "./modules/guestbook/index.php" Created
            [28] => Dir "./modules/guestbook/lang" Created
            [29] => File "./modules/guestbook/lang/index.php" Created
            [30] => File "./modules/guestbook/module.php" Created
            [31] => File "./modules/guestbook/read.php" Created
            [32] => File "./modules/guestbook/write.php" Created
            [33] => Dir "./modules/iframe-widget" Created
            [34] => File "./modules/iframe-widget/index.php" Created
            [35] => Dir "./modules/iframe-widget/lang" Created
            [36] => File "./modules/iframe-widget/lang/index.php" Created
            [37] => File "./modules/iframe-widget/module.php" Created
            [38] => File "./modules/index.php" Created
            [39] => Dir "./modules/media" Created
            [40] => File "./modules/media/index.php" Created
            [41] => Dir "./modules/media/lang" Created
            [42] => File "./modules/media/lang/index.php" Created
            [43] => Dir "./modules/moduledownloader" Created
            [44] => File "./modules/moduledownloader/index.php" Created
            [45] => Dir "./modules/moduledownloader/lang" Created
            [46] => File "./modules/moduledownloader/lang/index.php" Created
            [47] => Dir "./modules/poll" Created
            [48] => File "./modules/poll/index.php" Created
            [49] => Dir "./modules/poll/lang" Created
            [50] => File "./modules/poll/lang/index.php" Created
            [51] => Dir "./modules/posts" Created
            [52] => File "./modules/posts/index.php" Created
            [53] => Dir "./modules/posts/lang" Created
            [54] => File "./modules/posts/lang/index.php" Created
            [55] => Dir "./modules/sharekit" Created
            [56] => File "./modules/sharekit/index.php" Created
            [57] => Dir "./modules/sharekit/lang" Created
            [58] => File "./modules/sharekit/lang/index.php" Created
            [59] => Dir "./modules/untitled folder" Created
            [60] => Dir "./modules/users" Created
            [61] => File "./modules/users/index.php" Created
            [62] => Dir "./modules/users/lang" Created
            [63] => File "./modules/users/lang/index.php" Created
            [64] => Dir "./modules/wiki" Created
            [65] => File "./modules/wiki/index.php" Created
            [66] => Dir "./modules/wiki/lang" Created
            [67] => File "./modules/wiki/lang/index.php" Created
            [68] => File "./readme.md" Created
            [69] => File "./status.md" Created
            [70] => Dir "./system" Created
            [71] => File "./system/blogger-compatibility.php" Created
            [72] => Dir "./system/db" Created
            [73] => Dir "./system/db/backups" Created
            [74] => File "./system/db/backups/index.php" Created
            [75] => File "./system/db/index.php" Created
            [76] => File "./system/db/local.php" Created
            [77] => File "./system/db/mysql.php" Created
            [78] => File "./system/db/sqllite.php" Created
            [79] => File "./system/index.php" Created
            [80] => File "./system/install.php" Created
            [81] => File "./system/simple_html_dom.php" Created
            [82] => File "./system/WDGWV.php" Created
            [83] => File "./system/wordpress-compatibility.php" Created
            [84] => File "./system/wordpress-load.php" Created
            [85] => Dir "./themes" Created
            [86] => Dir "./themes/admin" Created
            [87] => Dir "./themes/admin/images" Created
            [88] => File "./themes/admin/images/index.php" Created
            [89] => File "./themes/admin/index.php" Created
            [90] => Dir "./themes/admin/scripts" Created
            [91] => File "./themes/admin/scripts/index.php" Created
            [92] => Dir "./themes/admin/styles" Created
            [93] => File "./themes/admin/styles/index.php" Created
            [94] => Dir "./themes/Bloggerdemo" Created
            [95] => File "./themes/Bloggerdemo/css1.css" Created
            [96] => File "./themes/Bloggerdemo/css2.css" Created
            [97] => File "./themes/Bloggerdemo/css3.css" Created
            [98] => File "./themes/Bloggerdemo/html.html" Created
            [99] => Dir "./themes/Bloggerdemo/images" Created
            [100] => File "./themes/Bloggerdemo/images/blockbullets.png" Created
            [101] => File "./themes/Bloggerdemo/images/footerfacebookicon.png" Created
            [102] => File "./themes/Bloggerdemo/images/footerrssicon.png" Created
            [103] => File "./themes/Bloggerdemo/images/footertwittericon.png" Created
            [104] => File "./themes/Bloggerdemo/images/header.jpg" Created
            [105] => File "./themes/Bloggerdemo/images/menuactiveitem.png" Created
            [106] => File "./themes/Bloggerdemo/images/menuhovereditem.png" Created
            [107] => File "./themes/Bloggerdemo/images/no-avatar.jpg" Created
            [108] => File "./themes/Bloggerdemo/images/object0.png" Created
            [109] => File "./themes/Bloggerdemo/images/object1.png" Created
            [110] => File "./themes/Bloggerdemo/images/page.png" Created
            [111] => File "./themes/Bloggerdemo/images/postbullets.png" Created
            [112] => File "./themes/Bloggerdemo/images/postemailicon.png" Created
            [113] => File "./themes/Bloggerdemo/images/postpdficon.png" Created
            [114] => File "./themes/Bloggerdemo/images/postprinticon.png" Created
            [115] => File "./themes/Bloggerdemo/images/postquote.png" Created
            [116] => File "./themes/Bloggerdemo/images/preloader-01.gif" Created
            [117] => File "./themes/Bloggerdemo/images/spacer.gif" Created
            [118] => File "./themes/Bloggerdemo/images/template_preview.png" Created
            [119] => File "./themes/Bloggerdemo/images/template_thumbnail.png" Created
            [120] => File "./themes/Bloggerdemo/js1.js" Created
            [121] => File "./themes/Bloggerdemo/js2.js" Created
            [122] => File "./themes/Bloggerdemo/main.xml" Created
            [123] => Dir "./themes/corporate" Created
            [124] => File "./themes/corporate/404.php" Created
            [125] => File "./themes/corporate/archive.php" Created
            [126] => File "./themes/corporate/archives.php" Created
            [127] => File "./themes/corporate/comments.php" Created
            [128] => Dir "./themes/corporate/css" Created
            [129] => File "./themes/corporate/css/ie.css" Created
            [130] => File "./themes/corporate/css/ielt7.css" Created
            [131] => File "./themes/corporate/css/print.css" Created
            [132] => File "./themes/corporate/css/screen.css" Created
            [133] => File "./themes/corporate/footer.php" Created
            [134] => File "./themes/corporate/functions.php" Created
            [135] => File "./themes/corporate/header.php" Created
            [136] => Dir "./themes/corporate/images" Created
            [137] => File "./themes/corporate/images/backtotopicon.gif" Created
            [138] => File "./themes/corporate/images/bodybg.jpg" Created
            [139] => File "./themes/corporate/images/bottombg-ns.gif" Created
            [140] => File "./themes/corporate/images/bottombg.png" Created
            [141] => File "./themes/corporate/images/commentsicon.gif" Created
            [142] => File "./themes/corporate/images/contentbg-ns.gif" Created
            [143] => File "./themes/corporate/images/contentbg.png" Created
            [144] => File "./themes/corporate/images/favicon.png" Created
            [145] => File "./themes/corporate/images/feed.png" Created
            [146] => File "./themes/corporate/images/introbg.jpg" Created
            [147] => File "./themes/corporate/images/logo.jpg" Created
            [148] => File "./themes/corporate/images/people.png" Created
            [149] => File "./themes/corporate/images/searchbutton.jpg" Created
            [150] => File "./themes/corporate/images/topbg-ns.gif" Created
            [151] => File "./themes/corporate/images/topbg.png" Created
            [152] => File "./themes/corporate/index.php" Created
            [153] => File "./themes/corporate/Instructions.txt" Created
            [154] => File "./themes/corporate/intro.html" Created
            [155] => File "./themes/corporate/page.php" Created
            [156] => File "./themes/corporate/screenshot.png" Created
            [157] => File "./themes/corporate/search.php" Created
            [158] => File "./themes/corporate/searchform.php" Created
            [159] => File "./themes/corporate/sidebar.php" Created
            [160] => File "./themes/corporate/single.php" Created
            [161] => File "./themes/corporate/style.css" Created
            [162] => Dir "./themes/default" Created
            [163] => Dir "./themes/default/images" Created
            [164] => File "./themes/default/images/index.php" Created
            [165] => File "./themes/default/index.php" Created
            [166] => Dir "./themes/default/scripts" Created
            [167] => File "./themes/default/scripts/ajax.js" Created
            [168] => File "./themes/default/scripts/index.php" Created
            [169] => Dir "./themes/default/styles" Created
            [170] => File "./themes/default/styles/index.php" Created
            [171] => File "./themes/index.php" Created
            [172] => Dir "./themes/WDGWV" Created
            [173] => Dir "./themes/WDGWV/images" Created
            [174] => File "./themes/WDGWV/images/index.php" Created
            [175] => File "./themes/WDGWV/index.php" Created
            [176] => Dir "./themes/WDGWV/scripts" Created
            [177] => File "./themes/WDGWV/scripts/index.php" Created
            [178] => Dir "./themes/WDGWV/styles" Created
            [179] => File "./themes/WDGWV/styles/index.php" Created
            [180] => Dir "./themes/WPdemo" Created
            [181] => File "./themes/WPdemo/404.php" Created
            [182] => File "./themes/WPdemo/archive.php" Created
            [183] => File "./themes/WPdemo/attachment.php" Created
            [184] => File "./themes/WPdemo/comments.php" Created
            [185] => File "./themes/WPdemo/content-aside.php" Created
            [186] => File "./themes/WPdemo/content-attachment.php" Created
            [187] => File "./themes/WPdemo/content-gallery.php" Created
            [188] => File "./themes/WPdemo/content-page.php" Created
            [189] => File "./themes/WPdemo/content-search.php" Created
            [190] => File "./themes/WPdemo/content-single.php" Created
            [191] => File "./themes/WPdemo/content.php" Created
            [192] => File "./themes/WPdemo/footer.php" Created
            [193] => File "./themes/WPdemo/functions.php" Created
            [194] => File "./themes/WPdemo/header.php" Created
            [195] => File "./themes/WPdemo/home.php" Created
            [196] => File "./themes/WPdemo/html5.js" Created
            [197] => Dir "./themes/WPdemo/images" Created
            [198] => File "./themes/WPdemo/images/blockbullets.png" Created
            [199] => File "./themes/WPdemo/images/footerfacebookicon.png" Created
            [200] => File "./themes/WPdemo/images/footerrssicon.png" Created
            [201] => File "./themes/WPdemo/images/footertwittericon.png" Created
            [202] => File "./themes/WPdemo/images/header.jpg" Created
            [203] => File "./themes/WPdemo/images/menuactiveitem.png" Created
            [204] => File "./themes/WPdemo/images/menuhovereditem.png" Created
            [205] => File "./themes/WPdemo/images/no-avatar.jpg" Created
            [206] => File "./themes/WPdemo/images/object0.png" Created
            [207] => File "./themes/WPdemo/images/object1.png" Created
            [208] => File "./themes/WPdemo/images/page.png" Created
            [209] => File "./themes/WPdemo/images/postbullets.png" Created
            [210] => File "./themes/WPdemo/images/postemailicon.png" Created
            [211] => File "./themes/WPdemo/images/postpdficon.png" Created
            [212] => File "./themes/WPdemo/images/postprinticon.png" Created
            [213] => File "./themes/WPdemo/images/postquote.png" Created
            [214] => File "./themes/WPdemo/images/preloader-01.gif" Created
            [215] => File "./themes/WPdemo/images/spacer.gif" Created
            [216] => File "./themes/WPdemo/index.php" Created
            [217] => File "./themes/WPdemo/jquery.js" Created
            [218] => Dir "./themes/WPdemo/languages" Created
            [219] => File "./themes/WPdemo/languages/de_DE.mo" Created
            [220] => File "./themes/WPdemo/languages/de_DE.po" Created
            [221] => File "./themes/WPdemo/languages/es_ES.mo" Created
            [222] => File "./themes/WPdemo/languages/es_ES.po" Created
            [223] => File "./themes/WPdemo/languages/fr_FR.mo" Created
            [224] => File "./themes/WPdemo/languages/fr_FR.po" Created
            [225] => File "./themes/WPdemo/languages/it_IT.mo" Created
            [226] => File "./themes/WPdemo/languages/it_IT.po" Created
            [227] => File "./themes/WPdemo/languages/ru_RU.mo" Created
            [228] => File "./themes/WPdemo/languages/ru_RU.po" Created
            [229] => Dir "./themes/WPdemo/library" Created
            [230] => File "./themes/WPdemo/library/admins.php" Created
            [231] => File "./themes/WPdemo/library/defaults.php" Created
            [232] => File "./themes/WPdemo/library/misc.php" Created
            [233] => File "./themes/WPdemo/library/navigation.php" Created
            [234] => File "./themes/WPdemo/library/options.php" Created
            [235] => File "./themes/WPdemo/library/shortcodes.php" Created
            [236] => File "./themes/WPdemo/library/sidebars.php" Created
            [237] => File "./themes/WPdemo/library/smiley.php" Created
            [238] => File "./themes/WPdemo/library/widgets.php" Created
            [239] => File "./themes/WPdemo/library/wrappers.php" Created
            [240] => File "./themes/WPdemo/page.php" Created
            [241] => File "./themes/WPdemo/ReadMe.txt" Created
            [242] => File "./themes/WPdemo/screenshot.png" Created
            [243] => File "./themes/WPdemo/script.js" Created
            [244] => File "./themes/WPdemo/script.responsive.js" Created
            [245] => File "./themes/WPdemo/search.php" Created
            [246] => File "./themes/WPdemo/searchform.php" Created
            [247] => File "./themes/WPdemo/sidebar-bottom.php" Created
            [248] => File "./themes/WPdemo/sidebar-footer.php" Created
            [249] => File "./themes/WPdemo/sidebar-header.php" Created
            [250] => File "./themes/WPdemo/sidebar-nav.php" Created
            [251] => File "./themes/WPdemo/sidebar-top.php" Created
            [252] => File "./themes/WPdemo/sidebar.php" Created
            [253] => File "./themes/WPdemo/single.php" Created
            [254] => File "./themes/WPdemo/style.css" Created
            [255] => File "./themes/WPdemo/style.ie7.css" Created
            [256] => File "./themes/WPdemo/style.responsive.css" Created
        )

)
